\BOOKMARK [1][-]{section.1}{\376\377\000R\000\351\000s\000u\000m\000\351}{}% 1
\BOOKMARK [1][-]{section.2}{\376\377\000F\000i\000c\000h\000i\000e\000r\000\040\000h\000e\000l\000p\000e\000r\000.\000m\000l}{}% 2
\BOOKMARK [1][-]{section.3}{\376\377\000A\000n\000a\000l\000y\000s\000e\000\040\000s\000y\000n\000t\000a\000x\000i\000q\000u\000e\000,\000\040\000v\000\351\000r\000i\000f\000i\000c\000a\000t\000i\000o\000n\000\040\000d\000e\000s\000\040\000t\000y\000p\000e\000s\000\040\000e\000t\000\040\000i\000n\000t\000e\000r\000p\000r\000\351\000t\000a\000t\000i\000o\000n}{}% 3
\BOOKMARK [1][-]{section.4}{\376\377\000D\000i\000f\000f\000i\000c\000u\000l\000t\000\351\000\040\000r\000e\000n\000c\000o\000n\000t\000r\000\351\000e\000\040\000l\000o\000r\000s\000\040\000d\000u\000\040\000t\000r\000a\000v\000a\000i\000l\000\040\000d\000e\000\040\000b\000a\000s\000e\000\040\000:\000\040\000l\000e\000\040\000r\000e\000t\000u\000r\000n}{}% 4
\BOOKMARK [1][-]{section.5}{\376\377\000E\000x\000t\000e\000n\000s\000i\000o\000n\000s}{}% 5
\BOOKMARK [2][-]{subsection.5.1}{\376\377\000C\000h\000a\000m\000p\000s\000\040\000i\000m\000m\000u\000a\000b\000l\000e\000s}{section.5}% 6
\BOOKMARK [2][-]{subsection.5.2}{\376\377\000D\000\351\000c\000l\000a\000r\000a\000t\000i\000o\000n\000\040\000e\000n\000\040\000s\000\351\000r\000i\000e}{section.5}% 7
\BOOKMARK [2][-]{subsection.5.3}{\376\377\000D\000\351\000c\000l\000a\000r\000a\000t\000i\000o\000n\000\040\000a\000v\000e\000c\000\040\000v\000a\000l\000e\000u\000r\000\040\000i\000n\000i\000t\000i\000a\000l\000e}{section.5}% 8
\BOOKMARK [2][-]{subsection.5.4}{\376\377\000\311\000g\000a\000l\000i\000t\000\351\000\040\000s\000t\000r\000u\000c\000t\000u\000r\000e\000l\000l\000e}{section.5}% 9
\BOOKMARK [2][-]{subsection.5.5}{\376\377\000S\000u\000p\000e\000r}{section.5}% 10
\BOOKMARK [2][-]{subsection.5.6}{\376\377\000T\000e\000s\000t\000\040\000d\000e\000\040\000t\000y\000p\000e}{section.5}% 11
\BOOKMARK [2][-]{subsection.5.7}{\376\377\000T\000r\000a\000n\000s\000t\000y\000p\000a\000g\000e}{section.5}% 12
\BOOKMARK [2][-]{subsection.5.8}{\376\377\000V\000i\000s\000i\000b\000i\000l\000i\000t\000\351}{section.5}% 13
\BOOKMARK [2][-]{subsection.5.9}{\376\377\000T\000a\000b\000l\000e\000a\000u\000x}{section.5}% 14
\BOOKMARK [3][-]{subsubsection.5.9.1}{\376\377\000U\000n\000\040\000t\000y\000p\000e\000\040\000p\000o\000u\000r\000\040\000l\000e\000s\000\040\000t\000a\000b\000l\000e\000a\000u\000x}{subsection.5.9}% 15
\BOOKMARK [3][-]{subsubsection.5.9.2}{\376\377\000M\000o\000d\000i\000f\000i\000c\000a\000t\000i\000o\000n\000\040\000d\000e\000\040\000l\000a\000\040\000g\000r\000a\000m\000m\000a\000i\000r\000e}{subsection.5.9}% 16
\BOOKMARK [3][-]{subsubsection.5.9.3}{\376\377\000E\000x\000t\000e\000n\000s\000i\000o\000n\000\040\000d\000e\000\040\000l\000a\000\040\000s\000y\000n\000t\000a\000x\000e\000\040\000a\000b\000s\000t\000r\000a\000i\000t\000e}{subsection.5.9}% 17
\BOOKMARK [3][-]{subsubsection.5.9.4}{\376\377\000R\000\350\000g\000l\000e\000s\000\040\000d\000e\000\040\000t\000y\000p\000a\000g\000e\000\040\000p\000o\000u\000r\000\040\000l\000e\000s\000\040\000t\000a\000b\000l\000e\000a\000u\000x}{subsection.5.9}% 18
\BOOKMARK [3][-]{subsubsection.5.9.5}{\376\377\000I\000n\000t\000e\000r\000p\000r\000\351\000t\000a\000t\000i\000o\000n}{subsection.5.9}% 19
\BOOKMARK [2][-]{subsection.5.10}{\376\377\000C\000l\000a\000s\000s\000e\000s\000\040\000e\000t\000\040\000m\000\351\000t\000h\000o\000d\000e\000s\000\040\000a\000b\000s\000t\000r\000a\000i\000t\000e\000s}{section.5}% 20
\BOOKMARK [2][-]{subsection.5.11}{\376\377\000"\000M\000i\000s\000s\000i\000n\000g\000\040\000s\000e\000m\000i\000c\000o\000l\000o\000n\000"}{section.5}% 21
